# JRE version: Java(TM) SE Runtime Environment (8.0_131-b11) (build 1.8.0_131-b11)
# Java VM: Java HotSpot(TM) 64-Bit Server VM (25.131-b11 mixed mode bsd-amd64 compressed oops)
Heap:
 PSYoungGen      total 297472K, used 234010K [0x00000007aab00000, 0x00000007bf400000, 0x00000007c0000000)
  eden space 283648K, 77% used [0x00000007aab00000,0x00000007b822b238,0x00000007bc000000)
  from space 13824K, 98% used [0x00000007bca00000,0x00000007bd75b8b0,0x00000007bd780000)
  to   space 26624K, 0% used [0x00000007bda00000,0x00000007bda00000,0x00000007bf400000)
 ParOldGen       total 137728K, used 35387K [0x0000000780000000, 0x0000000788680000, 0x00000007aab00000)
  object space 137728K, 25% used [0x0000000780000000,0x000000078228ee78,0x0000000788680000)
 Metaspace       used 46330K, capacity 47540K, committed 47912K, reserved 1091584K
  class space    used 6117K, capacity 6371K, committed 6448K, reserved 1048576K
GC Heap History (10 events):
Event: 4.545 GC heap before
{Heap before GC invocations=9 (full 2):
 PSYoungGen      total 201728K, used 186368K [0x00000007aab00000, 0x00000007b9d00000, 0x00000007c0000000)
  eden space 186368K, 100% used [0x00000007aab00000,0x00000007b6100000,0x00000007b6100000)
  from space 15360K, 0% used [0x00000007b7280000,0x00000007b7280000,0x00000007b8180000)
  to   space 17920K, 0% used [0x00000007b6100000,0x00000007b6100000,0x00000007b7280000)
 ParOldGen       total 137728K, used 21318K [0x0000000780000000, 0x0000000788680000, 0x00000007aab00000)
  object space 137728K, 15% used [0x0000000780000000,0x00000007814d1a90,0x0000000788680000)
 Metaspace       used 40032K, capacity 40884K, committed 41000K, reserved 1085440K
  class space    used 5648K, capacity 5871K, committed 5936K, reserved 1048576K
Event: 4.557 GC heap after
Heap after GC invocations=9 (full 2):
 PSYoungGen      total 204288K, used 17398K [0x00000007aab00000, 0x00000007bed80000, 0x00000007c0000000)
  eden space 186368K, 0% used [0x00000007aab00000,0x00000007aab00000,0x00000007b6100000)
  from space 17920K, 97% used [0x00000007b6100000,0x00000007b71fd940,0x00000007b7280000)
  to   space 20480K, 0% used [0x00000007bd980000,0x00000007bd980000,0x00000007bed80000)
 ParOldGen       total 137728K, used 21326K [0x0000000780000000, 0x0000000788680000, 0x00000007aab00000)
  object space 137728K, 15% used [0x0000000780000000,0x00000007814d3a90,0x0000000788680000)
 Metaspace       used 40032K, capacity 40884K, committed 41000K, reserved 1085440K
  class space    used 5648K, capacity 5871K, committed 5936K, reserved 1048576K
}
Event: 490.675 GC heap before
{Heap before GC invocations=10 (full 2):
 PSYoungGen      total 204288K, used 203766K [0x00000007aab00000, 0x00000007bed80000, 0x00000007c0000000)
  eden space 186368K, 100% used [0x00000007aab00000,0x00000007b6100000,0x00000007b6100000)
  from space 17920K, 97% used [0x00000007b6100000,0x00000007b71fd940,0x00000007b7280000)
  to   space 20480K, 0% used [0x00000007bd980000,0x00000007bd980000,0x00000007bed80000)
 ParOldGen       total 137728K, used 21326K [0x0000000780000000, 0x0000000788680000, 0x00000007aab00000)
  object space 137728K, 15% used [0x0000000780000000,0x00000007814d3a90,0x0000000788680000)
 Metaspace       used 43748K, capacity 44652K, committed 44712K, reserved 1087488K
  class space    used 6041K, capacity 6263K, committed 6320K, reserved 1048576K
Event: 490.687 GC heap after
Heap after GC invocations=10 (full 2):
 PSYoungGen      total 291840K, used 15425K [0x00000007aab00000, 0x00000007be900000, 0x00000007c0000000)
  eden space 275968K, 0% used [0x00000007aab00000,0x00000007aab00000,0x00000007bb880000)
  from space 15872K, 97% used [0x00000007bd980000,0x00000007be890408,0x00000007be900000)
  to   space 20992K, 0% used [0x00000007bc000000,0x00000007bc000000,0x00000007bd480000)
 ParOldGen       total 137728K, used 21342K [0x0000000780000000, 0x0000000788680000, 0x00000007aab00000)
  object space 137728K, 15% used [0x0000000780000000,0x00000007814d7a90,0x0000000788680000)
 Metaspace       used 43748K, capacity 44652K, committed 44712K, reserved 1087488K
  class space    used 6041K, capacity 6263K, committed 6320K, reserved 1048576K
}
Event: 1780.822 GC heap before
{Heap before GC invocations=11 (full 2):
 PSYoungGen      total 291840K, used 291393K [0x00000007aab00000, 0x00000007be900000, 0x00000007c0000000)
  eden space 275968K, 100% used [0x00000007aab00000,0x00000007bb880000,0x00000007bb880000)
  from space 15872K, 97% used [0x00000007bd980000,0x00000007be890408,0x00000007be900000)
  to   space 20992K, 0% used [0x00000007bc000000,0x00000007bc000000,0x00000007bd480000)
 ParOldGen       total 137728K, used 21342K [0x0000000780000000, 0x0000000788680000, 0x00000007aab00000)
  object space 137728K, 15% used [0x0000000780000000,0x00000007814d7a90,0x0000000788680000)
 Metaspace       used 44756K, capacity 45692K, committed 45992K, reserved 1089536K
  class space    used 6056K, capacity 6287K, committed 6320K, reserved 1048576K
Event: 1780.839 GC heap after
Heap after GC invocations=11 (full 2):
 PSYoungGen      total 304640K, used 20224K [0x00000007aab00000, 0x00000007c0000000, 0x00000007c0000000)
  eden space 283648K, 0% used [0x00000007aab00000,0x00000007aab00000,0x00000007bc000000)
  from space 20992K, 96% used [0x00000007bc000000,0x00000007bd3c01a8,0x00000007bd480000)
  to   space 23552K, 0% used [0x00000007be900000,0x00000007be900000,0x00000007c0000000)
 ParOldGen       total 137728K, used 21369K [0x0000000780000000, 0x0000000788680000, 0x00000007aab00000)
  object space 137728K, 15% used [0x0000000780000000,0x00000007814de6e0,0x0000000788680000)
 Metaspace       used 44756K, capacity 45692K, committed 45992K, reserved 1089536K
  class space    used 6056K, capacity 6287K, committed 6320K, reserved 1048576K
}
Event: 3351.164 GC heap before
{Heap before GC invocations=12 (full 2):
 PSYoungGen      total 304640K, used 303872K [0x00000007aab00000, 0x00000007c0000000, 0x00000007c0000000)
  eden space 283648K, 100% used [0x00000007aab00000,0x00000007bc000000,0x00000007bc000000)
  from space 20992K, 96% used [0x00000007bc000000,0x00000007bd3c01a8,0x00000007bd480000)
  to   space 23552K, 0% used [0x00000007be900000,0x00000007be900000,0x00000007c0000000)
 ParOldGen       total 137728K, used 21369K [0x0000000780000000, 0x0000000788680000, 0x00000007aab00000)
  object space 137728K, 15% used [0x0000000780000000,0x00000007814de6e0,0x0000000788680000)
 Metaspace       used 45572K, capacity 46684K, committed 46888K, reserved 1089536K
  class space    used 6096K, capacity 6335K, committed 6448K, reserved 1048576K
Event: 3351.183 GC heap after
Heap after GC invocations=12 (full 2):
 PSYoungGen      total 317440K, used 23525K [0x00000007aab00000, 0x00000007c0000000, 0x00000007c0000000)
  eden space 293888K, 0% used [0x00000007aab00000,0x00000007aab00000,0x00000007bca00000)
  from space 23552K, 99% used [0x00000007be900000,0x00000007bfff95e0,0x00000007c0000000)
  to   space 27648K, 0% used [0x00000007bca00000,0x00000007bca00000,0x00000007be500000)
 ParOldGen       total 137728K, used 24598K [0x0000000780000000, 0x0000000788680000, 0x00000007aab00000)
  object space 137728K, 17% used [0x0000000780000000,0x0000000781805850,0x0000000788680000)
 Metaspace       used 45572K, capacity 46684K, committed 46888K, reserved 1089536K
  class space    used 6096K, capacity 6335K, committed 6448K, reserved 1048576K
}
Event: 4099.864 GC heap before
{Heap before GC invocations=13 (full 2):
 PSYoungGen      total 317440K, used 317413K [0x00000007aab00000, 0x00000007c0000000, 0x00000007c0000000)
  eden space 293888K, 100% used [0x00000007aab00000,0x00000007bca00000,0x00000007bca00000)
  from space 23552K, 99% used [0x00000007be900000,0x00000007bfff95e0,0x00000007c0000000)
  to   space 27648K, 0% used [0x00000007bca00000,0x00000007bca00000,0x00000007be500000)
 ParOldGen       total 137728K, used 24598K [0x0000000780000000, 0x0000000788680000, 0x00000007aab00000)
  object space 137728K, 17% used [0x0000000780000000,0x0000000781805850,0x0000000788680000)
 Metaspace       used 46050K, capacity 47202K, committed 47400K, reserved 1089536K
  class space    used 6114K, capacity 6368K, committed 6448K, reserved 1048576K
Event: 4099.879 GC heap after
Heap after GC invocations=13 (full 2):
 PSYoungGen      total 297472K, used 13678K [0x00000007aab00000, 0x00000007bf400000, 0x00000007c0000000)
  eden space 283648K, 0% used [0x00000007aab00000,0x00000007aab00000,0x00000007bc000000)
  from space 13824K, 98% used [0x00000007bca00000,0x00000007bd75b8b0,0x00000007bd780000)
  to   space 26624K, 0% used [0x00000007bda00000,0x00000007bda00000,0x00000007bf400000)
 ParOldGen       total 137728K, used 35387K [0x0000000780000000, 0x0000000788680000, 0x00000007aab00000)
  object space 137728K, 25% used [0x0000000780000000,0x000000078228ee78,0x0000000788680000)
 Metaspace       used 46050K, capacity 47202K, committed 47400K, reserved 1089536K
  class space    used 6114K, capacity 6368K, committed 6448K, reserved 1048576K
}

